<?xml version="1.0" encoding="UTF-8"?>
<!-- Generated by org.testng.reporters.JUnitReportReporter -->
<testsuite skipped="0" hostname="PG017YF7BLR" name="in.licious.test.TodaysDeals_Sanity" tests="1" failures="0" timestamp="21 Aug 2018 10:56:43 GMT" time="53.223" errors="0">
  <testcase name="validateTodaysDealsTest" time="53.223" classname="in.licious.test.TodaysDeals_Sanity"/>
</testsuite> <!-- in.licious.test.TodaysDeals_Sanity -->
