<?xml version="1.0" encoding="UTF-8"?>
<!-- Generated by org.testng.reporters.JUnitReportReporter -->
<testsuite skipped="1" hostname="PG017YF7BLR" name="in.licious.test.AccountRegressionSuit" tests="2" failures="0" timestamp="16 Aug 2018 10:08:10 GMT" time="46.884" errors="1">
  <testcase name="setUp" time="46.883" classname="in.licious.test.AccountRegressionSuit">
    <error type="org.openqa.selenium.WebDriverException" message="Failed to connect to binary FirefoxBinary(C:\Program Files\Mozilla Firefox\firefox.exe) on port 7055; process output follows: 
BUG	Calling bootstrap method startup on activity-stream@mozilla.org version 2018.06.29.1026-fa231556
1534414046660	addons.xpi	DEBUG	Registering manifest for C:\Program Files\Mozilla Firefox\browser\features\aushelper@mozilla.org.xpi
1534414046661	addons.xpi	DEBUG	Calling bootstrap method startup on aushelper@mozilla.org version 2.0
1534414046661	addons.xpi	DEBUG	Registering manifest for C:\Program Files\Mozilla Firefox\browser\features\firefox@getpocket.com.xpi
1534414046662	addons.xpi	DEBUG	Calling bootstrap method startup on firefox@getpocket.com version 1.0.5
1534414046667	addons.xpi	DEBUG	Registering manifest for C:\Program Files\Mozilla Firefox\browser\features\formautofill@mozilla.org.xpi
1534414046668	addons.xpi	DEBUG	Calling bootstrap method startup on formautofill@mozilla.org version 1.0
1534414046668	addons.xpi	DEBUG	Registering manifest for C:\Program Files\Mozilla Firefox\browser\features\onboarding@mozilla.org.xpi
1534414046668	addons.xpi	DEBUG	Calling bootstrap method startup on onboarding@mozilla.org version 1.0
1534414046669	addons.xpi	DEBUG	Registering manifest for C:\Program Files\Mozilla Firefox\browser\features\screenshots@mozilla.org.xpi
1534414046669	addons.xpi	DEBUG	Calling bootstrap method startup on screenshots@mozilla.org version 32.1.0
1534414046669	addons.xpi	DEBUG	Registering manifest for C:\Program Files\Mozilla Firefox\browser\features\webcompat-reporter@mozilla.org.xpi
1534414046669	addons.xpi	DEBUG	Calling bootstrap method startup on webcompat-reporter@mozilla.org version 1.0.0
1534414046670	addons.xpi	DEBUG	Registering manifest for C:\Program Files\Mozilla Firefox\browser\features\webcompat@mozilla.org.xpi
1534414046671	addons.xpi	DEBUG	Calling bootstrap method startup on webcompat@mozilla.org version 2.0
1534414046672	addons.manager	DEBUG	Registering shutdown blocker for XPIProvider
1534414046672	addons.manager	DEBUG	Provider finished startup: XPIProvider
1534414046672	addons.manager	DEBUG	Starting provider: LightweightThemeManager
1534414046672	addons.manager	DEBUG	Registering shutdown blocker for LightweightThemeManager
1534414046672	addons.manager	DEBUG	Provider finished startup: LightweightThemeManager
1534414046673	addons.manager	DEBUG	Starting provider: GMPProvider
1534414046674	addons.manager	DEBUG	Registering shutdown blocker for GMPProvider
1534414046675	addons.manager	DEBUG	Provider finished startup: GMPProvider
1534414046675	addons.manager	DEBUG	Starting provider: PluginProvider
1534414046675	addons.manager	DEBUG	Registering shutdown blocker for PluginProvider
1534414046675	addons.manager	DEBUG	Provider finished startup: PluginProvider
1534414046676	addons.manager	DEBUG	Completed startup sequence
1534414046991	addons.repository	DEBUG	No addons.json found.
1534414047557	addons.xpi	DEBUG	Ignoring file entry whose name is not a valid add-on ID: C:\Users\Deepa\AppData\Local\Temp\anonymous6305413220253414420webdriver-profile\extensions\webdriver-staging
1534414047559	addons.xpi	DEBUG	Existing add-on activity-stream@mozilla.org in app-system-defaults
1534414047559	addons.xpi	DEBUG	Existing add-on aushelper@mozilla.org in app-system-defaults
1534414047559	addons.xpi	DEBUG	Existing add-on firefox@getpocket.com in app-system-defaults
1534414047560	addons.xpi	DEBUG	Existing add-on formautofill@mozilla.org in app-system-defaults
1534414047560	addons.xpi	DEBUG	Existing add-on onboarding@mozilla.org in app-system-defaults
1534414047560	addons.xpi	DEBUG	Existing add-on screenshots@mozilla.org in app-system-defaults
1534414047560	addons.xpi	DEBUG	Existing add-on webcompat-reporter@mozilla.org in app-system-defaults
1534414047561	addons.xpi	DEBUG	Existing add-on webcompat@mozilla.org in app-system-defaults
1534414047561	addons.xpi	DEBUG	Existing add-on ols@f-secure.com in winreg-app-global
1534414047561	addons.xpi	DEBUG	getInstallState changed: false, state: {}
Unable to read VR Path Registry from C:\Users\Deepa\AppData\Local\openvr\openvrpaths.vrpath
JavaScript error: resource://gre/modules/addons/XPIProvider.jsm, line 2189: TypeError: addon is null

Build info: version: &#039;2.53.1&#039;, revision: &#039;a36b8b1cd5757287168e54b817830adce9b0158d&#039;, time: &#039;2016-06-30 19:26:09&#039;
System info: host: &#039;PG017YF7BLR&#039;, ip: &#039;192.168.3.64&#039;, os.name: &#039;Windows 10&#039;, os.arch: &#039;amd64&#039;, os.version: &#039;10.0&#039;, java.version: &#039;1.8.0_181&#039;
Driver info: driver.version: FirefoxDriver">
      <![CDATA[org.openqa.selenium.WebDriverException: Failed to connect to binary FirefoxBinary(C:\Program Files\Mozilla Firefox\firefox.exe) on port 7055; process output follows: 
BUG	Calling bootstrap method startup on activity-stream@mozilla.org version 2018.06.29.1026-fa231556
1534414046660	addons.xpi	DEBUG	Registering manifest for C:\Program Files\Mozilla Firefox\browser\features\aushelper@mozilla.org.xpi
1534414046661	addons.xpi	DEBUG	Calling bootstrap method startup on aushelper@mozilla.org version 2.0
1534414046661	addons.xpi	DEBUG	Registering manifest for C:\Program Files\Mozilla Firefox\browser\features\firefox@getpocket.com.xpi
1534414046662	addons.xpi	DEBUG	Calling bootstrap method startup on firefox@getpocket.com version 1.0.5
1534414046667	addons.xpi	DEBUG	Registering manifest for C:\Program Files\Mozilla Firefox\browser\features\formautofill@mozilla.org.xpi
1534414046668	addons.xpi	DEBUG	Calling bootstrap method startup on formautofill@mozilla.org version 1.0
1534414046668	addons.xpi	DEBUG	Registering manifest for C:\Program Files\Mozilla Firefox\browser\features\onboarding@mozilla.org.xpi
1534414046668	addons.xpi	DEBUG	Calling bootstrap method startup on onboarding@mozilla.org version 1.0
1534414046669	addons.xpi	DEBUG	Registering manifest for C:\Program Files\Mozilla Firefox\browser\features\screenshots@mozilla.org.xpi
1534414046669	addons.xpi	DEBUG	Calling bootstrap method startup on screenshots@mozilla.org version 32.1.0
1534414046669	addons.xpi	DEBUG	Registering manifest for C:\Program Files\Mozilla Firefox\browser\features\webcompat-reporter@mozilla.org.xpi
1534414046669	addons.xpi	DEBUG	Calling bootstrap method startup on webcompat-reporter@mozilla.org version 1.0.0
1534414046670	addons.xpi	DEBUG	Registering manifest for C:\Program Files\Mozilla Firefox\browser\features\webcompat@mozilla.org.xpi
1534414046671	addons.xpi	DEBUG	Calling bootstrap method startup on webcompat@mozilla.org version 2.0
1534414046672	addons.manager	DEBUG	Registering shutdown blocker for XPIProvider
1534414046672	addons.manager	DEBUG	Provider finished startup: XPIProvider
1534414046672	addons.manager	DEBUG	Starting provider: LightweightThemeManager
1534414046672	addons.manager	DEBUG	Registering shutdown blocker for LightweightThemeManager
1534414046672	addons.manager	DEBUG	Provider finished startup: LightweightThemeManager
1534414046673	addons.manager	DEBUG	Starting provider: GMPProvider
1534414046674	addons.manager	DEBUG	Registering shutdown blocker for GMPProvider
1534414046675	addons.manager	DEBUG	Provider finished startup: GMPProvider
1534414046675	addons.manager	DEBUG	Starting provider: PluginProvider
1534414046675	addons.manager	DEBUG	Registering shutdown blocker for PluginProvider
1534414046675	addons.manager	DEBUG	Provider finished startup: PluginProvider
1534414046676	addons.manager	DEBUG	Completed startup sequence
1534414046991	addons.repository	DEBUG	No addons.json found.
1534414047557	addons.xpi	DEBUG	Ignoring file entry whose name is not a valid add-on ID: C:\Users\Deepa\AppData\Local\Temp\anonymous6305413220253414420webdriver-profile\extensions\webdriver-staging
1534414047559	addons.xpi	DEBUG	Existing add-on activity-stream@mozilla.org in app-system-defaults
1534414047559	addons.xpi	DEBUG	Existing add-on aushelper@mozilla.org in app-system-defaults
1534414047559	addons.xpi	DEBUG	Existing add-on firefox@getpocket.com in app-system-defaults
1534414047560	addons.xpi	DEBUG	Existing add-on formautofill@mozilla.org in app-system-defaults
1534414047560	addons.xpi	DEBUG	Existing add-on onboarding@mozilla.org in app-system-defaults
1534414047560	addons.xpi	DEBUG	Existing add-on screenshots@mozilla.org in app-system-defaults
1534414047560	addons.xpi	DEBUG	Existing add-on webcompat-reporter@mozilla.org in app-system-defaults
1534414047561	addons.xpi	DEBUG	Existing add-on webcompat@mozilla.org in app-system-defaults
1534414047561	addons.xpi	DEBUG	Existing add-on ols@f-secure.com in winreg-app-global
1534414047561	addons.xpi	DEBUG	getInstallState changed: false, state: {}
Unable to read VR Path Registry from C:\Users\Deepa\AppData\Local\openvr\openvrpaths.vrpath
JavaScript error: resource://gre/modules/addons/XPIProvider.jsm, line 2189: TypeError: addon is null

Build info: version: '2.53.1', revision: 'a36b8b1cd5757287168e54b817830adce9b0158d', time: '2016-06-30 19:26:09'
System info: host: 'PG017YF7BLR', ip: '192.168.3.64', os.name: 'Windows 10', os.arch: 'amd64', os.version: '10.0', java.version: '1.8.0_181'
Driver info: driver.version: FirefoxDriver
	at org.openqa.selenium.firefox.internal.NewProfileExtensionConnection.start(NewProfileExtensionConnection.java:125)
	at org.openqa.selenium.firefox.FirefoxDriver.startClient(FirefoxDriver.java:271)
	at org.openqa.selenium.remote.RemoteWebDriver.<init>(RemoteWebDriver.java:119)
	at org.openqa.selenium.firefox.FirefoxDriver.<init>(FirefoxDriver.java:216)
	at org.openqa.selenium.firefox.FirefoxDriver.<init>(FirefoxDriver.java:211)
	at org.openqa.selenium.firefox.FirefoxDriver.<init>(FirefoxDriver.java:207)
	at org.openqa.selenium.firefox.FirefoxDriver.<init>(FirefoxDriver.java:120)
	at in.licious.util.SetUpDrivers.launchFirefoxDriver(SetUpDrivers.java:19)
	at in.licious.test.BaseTest.setUp(BaseTest.java:72)
	at sun.reflect.NativeMethodAccessorImpl.invoke0(Native Method)
	at sun.reflect.NativeMethodAccessorImpl.invoke(Unknown Source)
	at sun.reflect.DelegatingMethodAccessorImpl.invoke(Unknown Source)
	at java.lang.reflect.Method.invoke(Unknown Source)
	at org.testng.internal.MethodInvocationHelper.invokeMethod(MethodInvocationHelper.java:108)
	at org.testng.internal.Invoker.invokeConfigurationMethod(Invoker.java:523)
	at org.testng.internal.Invoker.invokeConfigurations(Invoker.java:224)
	at org.testng.internal.Invoker.invokeMethod(Invoker.java:599)
	at org.testng.internal.Invoker.invokeTestMethod(Invoker.java:869)
	at org.testng.internal.Invoker.invokeTestMethods(Invoker.java:1193)
	at org.testng.internal.TestMethodWorker.invokeTestMethods(TestMethodWorker.java:126)
	at org.testng.internal.TestMethodWorker.run(TestMethodWorker.java:109)
	at org.testng.TestRunner.privateRun(TestRunner.java:744)
	at org.testng.TestRunner.run(TestRunner.java:602)
	at org.testng.SuiteRunner.runTest(SuiteRunner.java:380)
	at org.testng.SuiteRunner.runSequentially(SuiteRunner.java:375)
	at org.testng.SuiteRunner.privateRun(SuiteRunner.java:340)
	at org.testng.SuiteRunner.run(SuiteRunner.java:289)
	at org.testng.SuiteRunnerWorker.runSuite(SuiteRunnerWorker.java:52)
	at org.testng.SuiteRunnerWorker.run(SuiteRunnerWorker.java:86)
	at org.testng.TestNG.runSuitesSequentially(TestNG.java:1301)
	at org.testng.TestNG.runSuitesLocally(TestNG.java:1226)
	at org.testng.TestNG.runSuites(TestNG.java:1144)
	at org.testng.TestNG.run(TestNG.java:1115)
	at org.testng.remote.AbstractRemoteTestNG.run(AbstractRemoteTestNG.java:114)
	at org.testng.remote.RemoteTestNG.initAndRun(RemoteTestNG.java:251)
	at org.testng.remote.RemoteTestNG.main(RemoteTestNG.java:77)
Caused by: org.openqa.selenium.firefox.NotConnectedException: Unable to connect to host 127.0.0.1 on port 7055 after 45000 ms. Firefox console output:
BUG	Calling bootstrap method startup on activity-stream@mozilla.org version 2018.06.29.1026-fa231556
1534414046660	addons.xpi	DEBUG	Registering manifest for C:\Program Files\Mozilla Firefox\browser\features\aushelper@mozilla.org.xpi
1534414046661	addons.xpi	DEBUG	Calling bootstrap method startup on aushelper@mozilla.org version 2.0
1534414046661	addons.xpi	DEBUG	Registering manifest for C:\Program Files\Mozilla Firefox\browser\features\firefox@getpocket.com.xpi
1534414046662	addons.xpi	DEBUG	Calling bootstrap method startup on firefox@getpocket.com version 1.0.5
1534414046667	addons.xpi	DEBUG	Registering manifest for C:\Program Files\Mozilla Firefox\browser\features\formautofill@mozilla.org.xpi
1534414046668	addons.xpi	DEBUG	Calling bootstrap method startup on formautofill@mozilla.org version 1.0
1534414046668	addons.xpi	DEBUG	Registering manifest for C:\Program Files\Mozilla Firefox\browser\features\onboarding@mozilla.org.xpi
1534414046668	addons.xpi	DEBUG	Calling bootstrap method startup on onboarding@mozilla.org version 1.0
1534414046669	addons.xpi	DEBUG	Registering manifest for C:\Program Files\Mozilla Firefox\browser\features\screenshots@mozilla.org.xpi
1534414046669	addons.xpi	DEBUG	Calling bootstrap method startup on screenshots@mozilla.org version 32.1.0
1534414046669	addons.xpi	DEBUG	Registering manifest for C:\Program Files\Mozilla Firefox\browser\features\webcompat-reporter@mozilla.org.xpi
1534414046669	addons.xpi	DEBUG	Calling bootstrap method startup on webcompat-reporter@mozilla.org version 1.0.0
1534414046670	addons.xpi	DEBUG	Registering manifest for C:\Program Files\Mozilla Firefox\browser\features\webcompat@mozilla.org.xpi
1534414046671	addons.xpi	DEBUG	Calling bootstrap method startup on webcompat@mozilla.org version 2.0
1534414046672	addons.manager	DEBUG	Registering shutdown blocker for XPIProvider
1534414046672	addons.manager	DEBUG	Provider finished startup: XPIProvider
1534414046672	addons.manager	DEBUG	Starting provider: LightweightThemeManager
1534414046672	addons.manager	DEBUG	Registering shutdown blocker for LightweightThemeManager
1534414046672	addons.manager	DEBUG	Provider finished startup: LightweightThemeManager
1534414046673	addons.manager	DEBUG	Starting provider: GMPProvider
1534414046674	addons.manager	DEBUG	Registering shutdown blocker for GMPProvider
1534414046675	addons.manager	DEBUG	Provider finished startup: GMPProvider
1534414046675	addons.manager	DEBUG	Starting provider: PluginProvider
1534414046675	addons.manager	DEBUG	Registering shutdown blocker for PluginProvider
1534414046675	addons.manager	DEBUG	Provider finished startup: PluginProvider
1534414046676	addons.manager	DEBUG	Completed startup sequence
1534414046991	addons.repository	DEBUG	No addons.json found.
1534414047557	addons.xpi	DEBUG	Ignoring file entry whose name is not a valid add-on ID: C:\Users\Deepa\AppData\Local\Temp\anonymous6305413220253414420webdriver-profile\extensions\webdriver-staging
1534414047559	addons.xpi	DEBUG	Existing add-on activity-stream@mozilla.org in app-system-defaults
1534414047559	addons.xpi	DEBUG	Existing add-on aushelper@mozilla.org in app-system-defaults
1534414047559	addons.xpi	DEBUG	Existing add-on firefox@getpocket.com in app-system-defaults
1534414047560	addons.xpi	DEBUG	Existing add-on formautofill@mozilla.org in app-system-defaults
1534414047560	addons.xpi	DEBUG	Existing add-on onboarding@mozilla.org in app-system-defaults
1534414047560	addons.xpi	DEBUG	Existing add-on screenshots@mozilla.org in app-system-defaults
1534414047560	addons.xpi	DEBUG	Existing add-on webcompat-reporter@mozilla.org in app-system-defaults
1534414047561	addons.xpi	DEBUG	Existing add-on webcompat@mozilla.org in app-system-defaults
1534414047561	addons.xpi	DEBUG	Existing add-on ols@f-secure.com in winreg-app-global
1534414047561	addons.xpi	DEBUG	getInstallState changed: false, state: {}
Unable to read VR Path Registry from C:\Users\Deepa\AppData\Local\openvr\openvrpaths.vrpath
JavaScript error: resource://gre/modules/addons/XPIProvider.jsm, line 2189: TypeError: addon is null

	at org.openqa.selenium.firefox.internal.NewProfileExtensionConnection.start(NewProfileExtensionConnection.java:113)
	... 35 more
]]>
    </error>
  </testcase> <!-- setUp -->
  <testcase name="accountTest" time="0.001" classname="in.licious.test.AccountRegressionSuit">
    <skipped/>
  </testcase> <!-- accountTest -->
</testsuite> <!-- in.licious.test.AccountRegressionSuit -->
