<?xml version="1.0" encoding="UTF-8"?>
<!-- Generated by org.testng.reporters.JUnitReportReporter -->
<testsuite skipped="0" hostname="PG017YF7BLR" name="in.licious.test.Chicken_Sanity" tests="1" failures="0" timestamp="20 Aug 2018 11:29:09 GMT" time="70.008" errors="0">
  <testcase name="validateChickenTest" time="70.008" classname="in.licious.test.Chicken_Sanity"/>
</testsuite> <!-- in.licious.test.Chicken_Sanity -->
