<?xml version="1.0" encoding="UTF-8"?>
<!-- Generated by org.testng.reporters.JUnitReportReporter -->
<testsuite skipped="0" hostname="PG017YF7BLR" name="in.licious.test.EggsCategory_Regression" tests="1" failures="0" timestamp="28 Aug 2018 12:45:40 GMT" time="343.240" errors="0">
  <testcase name="RedMeatCategory_RegressionTest" time="343.240" classname="in.licious.test.EggsCategory_Regression"/>
</testsuite> <!-- in.licious.test.EggsCategory_Regression -->
