<?xml version="1.0" encoding="UTF-8"?>
<!-- Generated by org.testng.reporters.JUnitReportReporter -->
<testsuite skipped="0" hostname="PG017YF7BLR" name="in.licious.test.ValidateProductEditedInCart_Sanity" tests="1" failures="0" timestamp="24 Aug 2018 13:09:41 GMT" time="76.175" errors="0">
  <testcase name="validateProductEditedInCartTest" time="76.175" classname="in.licious.test.ValidateProductEditedInCart_Sanity"/>
</testsuite> <!-- in.licious.test.ValidateProductEditedInCart_Sanity -->
