<?xml version="1.0" encoding="UTF-8"?>
<!-- Generated by org.testng.reporters.JUnitReportReporter -->
<testsuite skipped="0" hostname="PG017YF7BLR" name="in.licious.test.DeleteTheProductFromCart_sanity" tests="1" failures="0" timestamp="24 Aug 2018 13:09:41 GMT" time="166.622" errors="0">
  <testcase name="deleteTheProductfromcartTest" time="166.622" classname="in.licious.test.DeleteTheProductFromCart_sanity"/>
</testsuite> <!-- in.licious.test.DeleteTheProductFromCart_sanity -->
