<?xml version="1.0" encoding="UTF-8"?>
<!-- Generated by org.testng.reporters.JUnitReportReporter -->
<testsuite skipped="0" hostname="PG017YF7BLR" name="in.licious.test.WeekendTreats_Sanity" tests="1" failures="0" timestamp="27 Aug 2018 05:24:50 GMT" time="182.438" errors="0">
  <testcase name="validateWeekendTreatsTest" time="182.438" classname="in.licious.test.WeekendTreats_Sanity"/>
</testsuite> <!-- in.licious.test.WeekendTreats_Sanity -->
