<?xml version="1.0" encoding="UTF-8"?>
<!-- Generated by org.testng.reporters.JUnitReportReporter -->
<testsuite skipped="0" hostname="PG017YF7BLR" name="in.licious.test.Cold_CutsCategory_Regression" tests="1" failures="0" timestamp="28 Aug 2018 13:46:17 GMT" time="381.623" errors="0">
  <testcase name="Cold_CutsCategory_RegressionTest" time="381.623" classname="in.licious.test.Cold_CutsCategory_Regression"/>
</testsuite> <!-- in.licious.test.Cold_CutsCategory_Regression -->
