<?xml version="1.0" encoding="UTF-8"?>
<!-- Generated by org.testng.reporters.JUnitReportReporter -->
<testsuite skipped="0" hostname="PG017YF7BLR" name="in.licious.test.NewUserLoginFlowRegressionScript" tests="4" failures="0" timestamp="08 Aug 2018 09:58:45 GMT" time="156.900" errors="0">
  <testcase name="loginThroughFaceBook" time="35.236" classname="in.licious.test.NewUserLoginFlowRegressionScript"/>
  <testcase name="loginThroughGoogle" time="36.095" classname="in.licious.test.NewUserLoginFlowRegressionScript"/>
  <testcase name="testnewloginflowOtp" time="33.120" classname="in.licious.test.NewUserLoginFlowRegressionScript"/>
  <testcase name="testnewloginflowPasswordOtp" time="52.449" classname="in.licious.test.NewUserLoginFlowRegressionScript"/>
</testsuite> <!-- in.licious.test.NewUserLoginFlowRegressionScript -->
