<?xml version="1.0" encoding="UTF-8"?>
<!-- Generated by org.testng.reporters.JUnitReportReporter -->
<testsuite skipped="0" hostname="PG017YF7BLR" name="in.licious.test.ValidateWeekendTreats_Sanity" tests="1" failures="0" timestamp="20 Aug 2018 11:14:03 GMT" time="173.690" errors="0">
  <testcase name="validateWeekendTreatsTest" time="173.690" classname="in.licious.test.ValidateWeekendTreats_Sanity"/>
</testsuite> <!-- in.licious.test.ValidateWeekendTreats_Sanity -->
