<?xml version="1.0" encoding="UTF-8"?>
<!-- Generated by org.testng.reporters.JUnitReportReporter -->
<testsuite skipped="0" hostname="PG017YF7BLR" name="in.licious.test.Relishes_PicklesCategory_Regression" tests="1" failures="0" timestamp="28 Aug 2018 07:55:46 GMT" time="534.660" errors="0">
  <testcase name="Relishes_PicklesCategory_RegressionTest" time="534.660" classname="in.licious.test.Relishes_PicklesCategory_Regression"/>
</testsuite> <!-- in.licious.test.Relishes_PicklesCategory_Regression -->
