<?xml version="1.0" encoding="UTF-8"?>
<!-- Generated by org.testng.reporters.JUnitReportReporter -->
<testsuite skipped="0" hostname="PG017YF7BLR" name="in.licious.test.ValidateAllTheFields" tests="1" failures="0" timestamp="20 Aug 2018 08:39:21 GMT" time="185.418" errors="0">
  <testcase name="AddToCartTest" time="185.418" classname="in.licious.test.ValidateAllTheFields"/>
</testsuite> <!-- in.licious.test.ValidateAllTheFields -->
