<?xml version="1.0" encoding="UTF-8"?>
<!-- Generated by org.testng.reporters.JUnitReportReporter -->
<testsuite skipped="0" hostname="PG017YF7BLR" name="in.licious.test.ValidateAllTheLinks_Sanity" tests="1" failures="0" timestamp="24 Aug 2018 13:09:41 GMT" time="260.371" errors="0">
  <testcase name="validateAllTheLinksTest" time="260.371" classname="in.licious.test.ValidateAllTheLinks_Sanity"/>
</testsuite> <!-- in.licious.test.ValidateAllTheLinks_Sanity -->
