<?xml version="1.0" encoding="UTF-8"?>
<!-- Generated by org.testng.reporters.JUnitReportReporter -->
<testsuite skipped="0" hostname="PG017YF7BLR" name="in.licious.test.FishSeaFood_Sanity" tests="1" failures="0" timestamp="20 Aug 2018 11:46:05 GMT" time="103.560" errors="0">
  <testcase name="validateFishSeaFoodTest" time="103.560" classname="in.licious.test.FishSeaFood_Sanity"/>
</testsuite> <!-- in.licious.test.FishSeaFood_Sanity -->
