<?xml version="1.0" encoding="UTF-8"?>
<!-- Generated by org.testng.reporters.JUnitReportReporter -->
<testsuite skipped="1" hostname="PG017YF7BLR" name="in.licious.test.MarinadesCategory_Regression" tests="1" failures="0" timestamp="28 Aug 2018 07:55:46 GMT" time="0.000" errors="0">
  <testcase name="ChickenCategory_RegressionTest" time="0.000" classname="in.licious.test.MarinadesCategory_Regression">
    <skipped/>
  </testcase> <!-- ChickenCategory_RegressionTest -->
</testsuite> <!-- in.licious.test.MarinadesCategory_Regression -->
