<?xml version="1.0" encoding="UTF-8"?>
<!-- Generated by org.testng.reporters.JUnitReportReporter -->
<testsuite skipped="0" hostname="PG017YF7BLR" name="in.licious.test.WeekendsTreatNetBanking_Sanity" tests="1" failures="0" timestamp="24 Aug 2018 13:47:08 GMT" time="219.201" errors="0">
  <testcase name="weekendsTreatNetBankingTest" time="219.201" classname="in.licious.test.WeekendsTreatNetBanking_Sanity"/>
</testsuite> <!-- in.licious.test.WeekendsTreatNetBanking_Sanity -->
