<?xml version="1.0" encoding="UTF-8"?>
<!-- Generated by org.testng.reporters.JUnitReportReporter -->
<testsuite skipped="0" hostname="PG017YF7BLR" name="in.licious.test.LoginforNewUser" tests="1" failures="0" timestamp="07 Aug 2018 11:11:50 GMT" time="77.432" errors="0">
  <testcase name="loginwithPhoneNum" time="77.432" classname="in.licious.test.LoginforNewUser"/>
</testsuite> <!-- in.licious.test.LoginforNewUser -->
