<?xml version="1.0" encoding="UTF-8"?>
<!-- Generated by org.testng.reporters.JUnitReportReporter -->
<testsuite skipped="0" hostname="PG017YF7BLR" name="in.licious.test.AddToCart_Sanity" tests="1" failures="0" timestamp="16 Aug 2018 12:15:02 GMT" time="169.352" errors="0">
  <testcase name="AddToCartTest" time="169.352" classname="in.licious.test.AddToCart_Sanity"/>
</testsuite> <!-- in.licious.test.AddToCart_Sanity -->
