<?xml version="1.0" encoding="UTF-8"?>
<!-- Generated by org.testng.reporters.JUnitReportReporter -->
<testsuite skipped="0" hostname="PG017YF7BLR" name="in.licious.test.SuscribeToNewLetter_Sanity" tests="1" failures="0" timestamp="24 Aug 2018 13:09:41 GMT" time="57.594" errors="0">
  <testcase name="suscribeToNewLetterTest" time="57.594" classname="in.licious.test.SuscribeToNewLetter_Sanity"/>
</testsuite> <!-- in.licious.test.SuscribeToNewLetter_Sanity -->
