<?xml version="1.0" encoding="UTF-8"?>
<!-- Generated by org.testng.reporters.JUnitReportReporter -->
<testsuite skipped="0" hostname="PG017YF7BLR" name="in.licious.test.WeekendsTreatPOD_Sanity2" tests="1" failures="0" timestamp="24 Aug 2018 13:09:41 GMT" time="437.759" errors="0">
  <testcase name="weekendsTreatPODTest" time="437.759" classname="in.licious.test.WeekendsTreatPOD_Sanity2"/>
</testsuite> <!-- in.licious.test.WeekendsTreatPOD_Sanity2 -->
