<?xml version="1.0" encoding="UTF-8"?>
<!-- Generated by org.testng.reporters.JUnitReportReporter -->
<testsuite skipped="0" hostname="PG017YF7BLR" name="in.licious.test.ChickenCategory_Regression" tests="1" failures="0" timestamp="28 Aug 2018 12:35:46 GMT" time="413.875" errors="0">
  <testcase name="ChickenCategory_RegressionTest" time="413.875" classname="in.licious.test.ChickenCategory_Regression"/>
</testsuite> <!-- in.licious.test.ChickenCategory_Regression -->
