<?xml version="1.0" encoding="UTF-8"?>
<!-- Generated by org.testng.reporters.JUnitReportReporter -->
<testsuite skipped="0" hostname="PG017YF7BLR" name="in.licious.test.ValidateLiciousHomePage_Sanity" tests="1" failures="0" timestamp="24 Aug 2018 13:42:37 GMT" time="100.688" errors="0">
  <testcase name="LiciousHomePageTest" time="100.688" classname="in.licious.test.ValidateLiciousHomePage_Sanity"/>
</testsuite> <!-- in.licious.test.ValidateLiciousHomePage_Sanity -->
