<?xml version="1.0" encoding="UTF-8"?>
<!-- Generated by org.testng.reporters.JUnitReportReporter -->
<testsuite skipped="0" hostname="PG017YF7BLR" name="in.licious.test.TC_01" tests="1" failures="0" timestamp="23 Aug 2018 06:19:05 GMT" time="224.210" errors="0">
  <testcase name="AddToCartTest" time="224.210" classname="in.licious.test.TC_01"/>
</testsuite> <!-- in.licious.test.TC_01 -->
