<?xml version="1.0" encoding="UTF-8"?>
<!-- Generated by org.testng.reporters.JUnitReportReporter -->
<testsuite skipped="0" hostname="PG017YF7BLR" name="in.licious.test.WeekendTreats_Regression" tests="1" failures="0" timestamp="27 Aug 2018 05:38:22 GMT" time="414.258" errors="0">
  <testcase name="validateWeekendTreatsTest" time="414.258" classname="in.licious.test.WeekendTreats_Regression"/>
</testsuite> <!-- in.licious.test.WeekendTreats_Regression -->
